MPASM 5.53                    PRACTICA10.ASM   11-11-2022  23:57:39         PAGE  1


LOC  OBJECT CODE     LINE SOURCE TEXT
  VALUE

2007   3FF1           00001     __CONFIG _CP_OFF & _WDT_OFF & _XT_OSC & _PWRTE_ON
                      00002     list p=16f84
                      00003     include <p16f84a.inc>
                      00001         LIST
                      00002 
                      00003 ;==========================================================================
                      00004 ;  MPASM PIC16F84A processor include
                      00005 ; 
                      00006 ;  (c) Copyright 1999-2013 Microchip Technology, All rights reserved
                      00007 ;==========================================================================
                      00008 
                      00208         LIST
                      00004 
                      00005 RESET org 0
0000   2???           00006     GOTO Inicio
                      00007     org 0x05
                      00008 
  0000000C            00009 Operador equ 0x0c
                      00010 
0005                  00011 Inicio
0005   1683           00012     BSF STATUS, RP0
0006   3003           00013     movlw b'00011'
Message[302]: Register in operand not in bank 0.  Ensure that bank bits are correct.
0007   0085           00014     movwf TRISA
Message[302]: Register in operand not in bank 0.  Ensure that bank bits are correct.
0008   0186           00015     clrf TRISB
0009   1283           00016     BCF STATUS, RP0
Message[302]: Register in operand not in bank 0.  Ensure that bank bits are correct.
000A   1381           00017     BCF OPTION_REG,NOT_RBPU ; Activo resistencias Pull-Up
000B   0186           00018     clrf PORTB
000C   0185           00019     clrf PORTA
000D   018C           00020     clrf Operador
000E   303F           00021     movlw b'0111111'
000F   0086           00022     movwf PORTB
                      00023 
0010                  00024 LecturaPBs
0010                  00025 ChecaBoton1
0010   1C05           00026     BTFSS PORTA,0
0011   2???           00027     GOTO ChecaBoton2
0012   2???           00028     GOTO Antirrebote
                      00029     
0013                  00030 ChecaBoton2
0013   1C85           00031     BTFSS PORTA,1
0014   2???           00032     GOTO ChecaBoton1
0015   2???           00033     GOTO Antirrebote1
                      00034     
                      00035 
0016                  00036 Antirrebote
0016   1805           00037     btfsc PORTA,0
0017   2???           00038     goto Antirrebote
0018                  00039 SUMA
0018   1805           00040     btfsc PORTA,0
0019   2???           00041     goto SUMA
MPASM 5.53                    PRACTICA10.ASM   11-11-2022  23:57:39         PAGE  2


LOC  OBJECT CODE     LINE SOURCE TEXT
  VALUE

001A   3002           00042     MOVLW b'00000010'
001B   078C           00043     addwf Operador,1
001C   2???           00044     goto Display
                      00045 
001D                  00046 Antirrebote1
001D   1885           00047     btfsc PORTA,1
001E   2???           00048     GOTO Antirrebote1
001F                  00049 RESTA
001F   1885           00050     btfsc PORTA,1
0020   2???           00051     GOTO RESTA
0021   3001           00052     MOVLW b'00000001'
0022   028C           00053     subwf Operador,1
0023   2???           00054     goto Display
                      00055 
0024                  00056 Display
0024   080C           00057     movf Operador,0
0025   2???           00058     call TABLA
0026   0086           00059     movwf PORTB
0027   2???           00060     goto LecturaPBs
                      00061 
0028                  00062 TABLA
0028   0782           00063     ADDWF PCL, F
0029   343F           00064     retlw b'0111111' ;0
002A   3406           00065         retlw b'0000110' ;1
002B   345B           00066     retlw b'1011011' ;2
002C   344F           00067         retlw b'1001111' ;3
002D   3466           00068         retlw b'1100110' ;4
002E   346D           00069         retlw b'1101101' ;5
002F   347D           00070         retlw b'1111101' ;6
0030   3407           00071         retlw b'0000111' ;7
0031   347F           00072         retlw b'1111111' ;8
0032   3467           00073     retlw b'1100111' ;9
0033   3477           00074         retlw b'1110111' ;A
0034   347C           00075         retlw b'1111100' ;B
0035   3439           00076         retlw b'0111001' ;C
0036   345E           00077         retlw b'1011110' ;D
0037   3479           00078         retlw b'1111001' ;E
0038   3471           00079         retlw b'1110001' ;F
0039   3449           00080         retlw b'1001001' ;No puede mostrarse
003A   3449           00081         retlw b'1001001' 
003B   3449           00082     retlw b'1001001' 
3FF1                  00083     END
MPASM 5.53                    PRACTICA10.ASM   11-11-2022  23:57:39         PAGE  3


SYMBOL TABLE
  LABEL                             VALUE 

Antirrebote                       00000016
Antirrebote1                      0000001D
C                                 00000000
ChecaBoton1                       00000010
ChecaBoton2                       00000013
DC                                00000001
Display                           00000024
EEADR                             00000009
EECON1                            00000088
EECON2                            00000089
EEDATA                            00000008
EEIE                              00000006
EEIF                              00000004
F                                 00000001
FSR                               00000004
GIE                               00000007
INDF                              00000000
INTCON                            0000000B
INTE                              00000004
INTEDG                            00000006
INTF                              00000001
IRP                               00000007
Inicio                            00000005
LecturaPBs                        00000010
NOT_PD                            00000003
NOT_RBPU                          00000007
NOT_TO                            00000004
OPTION_REG                        00000081
Operador                          0000000C
PCL                               00000002
PCLATH                            0000000A
PORTA                             00000005
PORTB                             00000006
PS0                               00000000
PS1                               00000001
PS2                               00000002
PSA                               00000003
RA0                               00000000
RA1                               00000001
RA2                               00000002
RA3                               00000003
RA4                               00000004
RB0                               00000000
RB1                               00000001
RB2                               00000002
RB3                               00000003
RB4                               00000004
RB5                               00000005
RB6                               00000006
RB7                               00000007
RBIE                              00000003
RBIF                              00000000
RD                                00000000
MPASM 5.53                    PRACTICA10.ASM   11-11-2022  23:57:39         PAGE  4


SYMBOL TABLE
  LABEL                             VALUE 

RESET                             00000000
RESTA                             0000001F
RP0                               00000005
RP1                               00000006
STATUS                            00000003
SUMA                              00000018
T0CS                              00000005
T0IE                              00000005
T0IF                              00000002
T0SE                              00000004
TABLA                             00000028
TMR0                              00000001
TMR0IE                            00000005
TMR0IF                            00000002
TRISA                             00000085
TRISA0                            00000000
TRISA1                            00000001
TRISA2                            00000002
TRISA3                            00000003
TRISA4                            00000004
TRISB                             00000086
TRISB0                            00000000
TRISB1                            00000001
TRISB2                            00000002
TRISB3                            00000003
TRISB4                            00000004
TRISB5                            00000005
TRISB6                            00000006
TRISB7                            00000007
W                                 00000000
WR                                00000001
WREN                              00000002
WRERR                             00000003
Z                                 00000002
_CONFIG                           00002007
_CP_OFF                           00003FFF
_CP_ON                            0000000F
_DEVID1                           00002006
_FOSC_EXTRC                       00003FFF
_FOSC_HS                          00003FFE
_FOSC_LP                          00003FFC
_FOSC_XT                          00003FFD
_HS_OSC                           00003FFE
_IDLOC0                           00002000
_IDLOC1                           00002001
_IDLOC2                           00002002
_IDLOC3                           00002003
_LP_OSC                           00003FFC
_PWRTE_OFF                        00003FFF
_PWRTE_ON                         00003FF7
_RC_OSC                           00003FFF
_WDTE_OFF                         00003FFB
_WDTE_ON                          00003FFF
MPASM 5.53                    PRACTICA10.ASM   11-11-2022  23:57:39         PAGE  5


SYMBOL TABLE
  LABEL                             VALUE 

_WDT_OFF                          00003FFB
_WDT_ON                           00003FFF
_XT_OSC                           00003FFD
__16F84A                          00000001

Errors   :     0
Warnings :     0 reported,     0 suppressed
Messages :     3 reported,     0 suppressed

