MPASM 5.53                     PRACTICA9.ASM   10-30-2022  12:10:00         PAGE  1


LOC  OBJECT CODE     LINE SOURCE TEXT
  VALUE

2007   3FF1           00001     __CONFIG _CP_OFF & _WDT_OFF & _XT_OSC & _PWRTE_ON
                      00002     list p=16f84
                      00003     include <p16f84a.inc>
                      00001         LIST
                      00002 
                      00003 ;==========================================================================
                      00004 ;  MPASM PIC16F84A processor include
                      00005 ; 
                      00006 ;  (c) Copyright 1999-2013 Microchip Technology, All rights reserved
                      00007 ;==========================================================================
                      00008 
                      00208         LIST
                      00004 
                      00005 RESET org 0
0000   2???           00006     GOTO Inicio
                      00007     org 0x05
                      00008 
  0000000C            00009 CONTADOR_A equ 0x0c
  0000000D            00010 CONTADOR_B equ 0x0d
  0000000E            00011 CONTADOR_C equ 0x0e
                      00012 
0005                  00013 Inicio
0005   1683           00014     BSF STATUS, RP0
Message[302]: Register in operand not in bank 0.  Ensure that bank bits are correct.
0006   0185           00015     clrf TRISA
Message[302]: Register in operand not in bank 0.  Ensure that bank bits are correct.
0007   0186           00016     clrf TRISB
0008   1283           00017     BCF STATUS, RP0
0009   0186           00018     CLRF PORTB
                      00019 
000A                  00020 Programa
000A   3001           00021     movlw b'00001'
000B   0085           00022     movwf PORTA
000C   2???           00023     call R6ms
000D   0185           00024     clrf PORTA
000E   2???           00025     call R2ms
000F   2???           00026     goto Programa
                      00027 
0010                  00028 R2ms
0010   3002           00029     movlw b'00000010'
0011   008D           00030     movwf CONTADOR_B
0012   30C7           00031     movlw b'11000111'
0013   008C           00032     movwf CONTADOR_A
0014   0000           00033     nop
0015   0000           00034     nop
Message[305]: Using default destination of 1 (file).
0016   0B8C           00035     decfsz CONTADOR_A
0017   2???           00036     goto $-3
Message[305]: Using default destination of 1 (file).
0018   0B8D           00037     decfsz CONTADOR_B
0019   2???           00038     goto $-7
001A   0008           00039     return
                      00040 
MPASM 5.53                     PRACTICA9.ASM   10-30-2022  12:10:00         PAGE  2


LOC  OBJECT CODE     LINE SOURCE TEXT
  VALUE

001B                  00041 R6ms
001B   3006           00042     movlw b'00000110'
001C   008D           00043     movwf CONTADOR_B
001D   30C7           00044     movlw b'11000111'
001E   008C           00045     movwf CONTADOR_A
001F   0000           00046     nop
0020   0000           00047     nop
Message[305]: Using default destination of 1 (file).
0021   0B8C           00048     decfsz CONTADOR_A
0022   2???           00049     goto $-3
Message[305]: Using default destination of 1 (file).
0023   0B8D           00050     decfsz CONTADOR_B
0024   2???           00051     goto $-7
0025   0008           00052     return
                      00053 
                      00054 
3FF1                  00055     end
MPASM 5.53                     PRACTICA9.ASM   10-30-2022  12:10:00         PAGE  3


SYMBOL TABLE
  LABEL                             VALUE 

C                                 00000000
CONTADOR_A                        0000000C
CONTADOR_B                        0000000D
CONTADOR_C                        0000000E
DC                                00000001
EEADR                             00000009
EECON1                            00000088
EECON2                            00000089
EEDATA                            00000008
EEIE                              00000006
EEIF                              00000004
F                                 00000001
FSR                               00000004
GIE                               00000007
INDF                              00000000
INTCON                            0000000B
INTE                              00000004
INTEDG                            00000006
INTF                              00000001
IRP                               00000007
Inicio                            00000005
NOT_PD                            00000003
NOT_RBPU                          00000007
NOT_TO                            00000004
OPTION_REG                        00000081
PCL                               00000002
PCLATH                            0000000A
PORTA                             00000005
PORTB                             00000006
PS0                               00000000
PS1                               00000001
PS2                               00000002
PSA                               00000003
Programa                          0000000A
R2ms                              00000010
R6ms                              0000001B
RA0                               00000000
RA1                               00000001
RA2                               00000002
RA3                               00000003
RA4                               00000004
RB0                               00000000
RB1                               00000001
RB2                               00000002
RB3                               00000003
RB4                               00000004
RB5                               00000005
RB6                               00000006
RB7                               00000007
RBIE                              00000003
RBIF                              00000000
RD                                00000000
RESET                             00000000
MPASM 5.53                     PRACTICA9.ASM   10-30-2022  12:10:00         PAGE  4


SYMBOL TABLE
  LABEL                             VALUE 

RP0                               00000005
RP1                               00000006
STATUS                            00000003
T0CS                              00000005
T0IE                              00000005
T0IF                              00000002
T0SE                              00000004
TMR0                              00000001
TMR0IE                            00000005
TMR0IF                            00000002
TRISA                             00000085
TRISA0                            00000000
TRISA1                            00000001
TRISA2                            00000002
TRISA3                            00000003
TRISA4                            00000004
TRISB                             00000086
TRISB0                            00000000
TRISB1                            00000001
TRISB2                            00000002
TRISB3                            00000003
TRISB4                            00000004
TRISB5                            00000005
TRISB6                            00000006
TRISB7                            00000007
W                                 00000000
WR                                00000001
WREN                              00000002
WRERR                             00000003
Z                                 00000002
_.org_1_0017                      00000017
_.org_1_0019                      00000019
_.org_1_0022                      00000022
_.org_1_0024                      00000024
_CONFIG                           00002007
_CP_OFF                           00003FFF
_CP_ON                            0000000F
_DEVID1                           00002006
_FOSC_EXTRC                       00003FFF
_FOSC_HS                          00003FFE
_FOSC_LP                          00003FFC
_FOSC_XT                          00003FFD
_HS_OSC                           00003FFE
_IDLOC0                           00002000
_IDLOC1                           00002001
_IDLOC2                           00002002
_IDLOC3                           00002003
_LP_OSC                           00003FFC
_PWRTE_OFF                        00003FFF
_PWRTE_ON                         00003FF7
_RC_OSC                           00003FFF
_WDTE_OFF                         00003FFB
_WDTE_ON                          00003FFF
MPASM 5.53                     PRACTICA9.ASM   10-30-2022  12:10:00         PAGE  5


SYMBOL TABLE
  LABEL                             VALUE 

_WDT_OFF                          00003FFB
_WDT_ON                           00003FFF
_XT_OSC                           00003FFD
__16F84A                          00000001

Errors   :     0
Warnings :     0 reported,     0 suppressed
Messages :     6 reported,     0 suppressed

