MPASM 5.53                     PRACTICA6.ASM   11-10-2022  14:02:32         PAGE  1


LOC  OBJECT CODE     LINE SOURCE TEXT
  VALUE

2007   3FF1           00001     __CONFIG _CP_OFF & _WDT_OFF & _XT_OSC & _PWRTE_ON
                      00002     list p=16f84
                      00003     include <p16f84a.inc>
                      00001         LIST
                      00002 
                      00003 ;==========================================================================
                      00004 ;  MPASM PIC16F84A processor include
                      00005 ; 
                      00006 ;  (c) Copyright 1999-2013 Microchip Technology, All rights reserved
                      00007 ;==========================================================================
                      00008 
                      00208         LIST
                      00004 
                      00005 RESET org 0x00
0000   2???           00006     GOTO Inicio
                      00007     org 0x05
                      00008 
0005                  00009 Inicio
0005   1683           00010     BSF STATUS, RP0
0006   3000           00011     movlw b'00000' 
Message[302]: Register in operand not in bank 0.  Ensure that bank bits are correct.
0007   0085           00012     movwf TRISA
0008   3003           00013     movlw b'0000011' 
Message[302]: Register in operand not in bank 0.  Ensure that bank bits are correct.
0009   0086           00014     movwf TRISB
000A   1283           00015     BCF STATUS, RP0
000B   0185           00016     CLRF PORTA 
000C   0186           00017     CLRF PORTB
000D                  00018 ChecaBoton1
000D   1C06           00019     BTFSS PORTB,0
000E   2???           00020     GOTO ChecaBoton2
000F   2???           00021     GOTO Suma
0010                  00022 ChecaBoton2
0010   1C86           00023     BTFSS PORTB,1 
0011   2???           00024     GOTO ChecaBoton1
0012   2???           00025     GOTO Resta
0013                  00026 Suma
0013   1806           00027     BTFSC PORTB,0 
0014   2???           00028     GOTO Suma
0015   1806           00029     BTFSC PORTB,0
0016   2???           00030     GOTO Suma
0017   0A85           00031     INCF PORTA,1 
0018   0A85           00032     INCF PORTA,1 
0019   0A85           00033     INCF PORTA,1 
001A   0A05           00034     INCF PORTA,0 
001B   0085           00035     MOVWF PORTA 
001C   2???           00036     GOTO ChecaBoton1
001D                  00037 Resta
001D   1886           00038     BTFSC PORTB,1 
001E   2???           00039     GOTO Resta
001F   1886           00040     BTFSC PORTB,1
0020   2???           00041     GOTO Resta
0021   0385           00042     DECF PORTA,1 
MPASM 5.53                     PRACTICA6.ASM   11-10-2022  14:02:32         PAGE  2


LOC  OBJECT CODE     LINE SOURCE TEXT
  VALUE

0022   0385           00043     DECF PORTA,1 
0023   0305           00044     DECF PORTA,0 
0024   0085           00045     MOVWF PORTA 
0025   2???           00046     GOTO ChecaBoton2
3FF1                  00047     End
MPASM 5.53                     PRACTICA6.ASM   11-10-2022  14:02:32         PAGE  3


SYMBOL TABLE
  LABEL                             VALUE 

C                                 00000000
ChecaBoton1                       0000000D
ChecaBoton2                       00000010
DC                                00000001
EEADR                             00000009
EECON1                            00000088
EECON2                            00000089
EEDATA                            00000008
EEIE                              00000006
EEIF                              00000004
F                                 00000001
FSR                               00000004
GIE                               00000007
INDF                              00000000
INTCON                            0000000B
INTE                              00000004
INTEDG                            00000006
INTF                              00000001
IRP                               00000007
Inicio                            00000005
NOT_PD                            00000003
NOT_RBPU                          00000007
NOT_TO                            00000004
OPTION_REG                        00000081
PCL                               00000002
PCLATH                            0000000A
PORTA                             00000005
PORTB                             00000006
PS0                               00000000
PS1                               00000001
PS2                               00000002
PSA                               00000003
RA0                               00000000
RA1                               00000001
RA2                               00000002
RA3                               00000003
RA4                               00000004
RB0                               00000000
RB1                               00000001
RB2                               00000002
RB3                               00000003
RB4                               00000004
RB5                               00000005
RB6                               00000006
RB7                               00000007
RBIE                              00000003
RBIF                              00000000
RD                                00000000
RESET                             00000000
RP0                               00000005
RP1                               00000006
Resta                             0000001D
STATUS                            00000003
MPASM 5.53                     PRACTICA6.ASM   11-10-2022  14:02:32         PAGE  4


SYMBOL TABLE
  LABEL                             VALUE 

Suma                              00000013
T0CS                              00000005
T0IE                              00000005
T0IF                              00000002
T0SE                              00000004
TMR0                              00000001
TMR0IE                            00000005
TMR0IF                            00000002
TRISA                             00000085
TRISA0                            00000000
TRISA1                            00000001
TRISA2                            00000002
TRISA3                            00000003
TRISA4                            00000004
TRISB                             00000086
TRISB0                            00000000
TRISB1                            00000001
TRISB2                            00000002
TRISB3                            00000003
TRISB4                            00000004
TRISB5                            00000005
TRISB6                            00000006
TRISB7                            00000007
W                                 00000000
WR                                00000001
WREN                              00000002
WRERR                             00000003
Z                                 00000002
_CONFIG                           00002007
_CP_OFF                           00003FFF
_CP_ON                            0000000F
_DEVID1                           00002006
_FOSC_EXTRC                       00003FFF
_FOSC_HS                          00003FFE
_FOSC_LP                          00003FFC
_FOSC_XT                          00003FFD
_HS_OSC                           00003FFE
_IDLOC0                           00002000
_IDLOC1                           00002001
_IDLOC2                           00002002
_IDLOC3                           00002003
_LP_OSC                           00003FFC
_PWRTE_OFF                        00003FFF
_PWRTE_ON                         00003FF7
_RC_OSC                           00003FFF
_WDTE_OFF                         00003FFB
_WDTE_ON                          00003FFF
_WDT_OFF                          00003FFB
_WDT_ON                           00003FFF
_XT_OSC                           00003FFD
__16F84A                          00000001

MPASM 5.53                     PRACTICA6.ASM   11-10-2022  14:02:32         PAGE  5





Errors   :     0
Warnings :     0 reported,     0 suppressed
Messages :     2 reported,     0 suppressed

