MPASM 5.53                     PRACTICA8.ASM   11-11-2022  23:59:19         PAGE  1


LOC  OBJECT CODE     LINE SOURCE TEXT
  VALUE

2007   3FF1           00001     __CONFIG _CP_OFF & _WDT_OFF & _XT_OSC & _PWRTE_ON
                      00002     list p=16f84
                      00003     include <p16f84a.inc>
                      00001         LIST
                      00002 
                      00003 ;==========================================================================
                      00004 ;  MPASM PIC16F84A processor include
                      00005 ; 
                      00006 ;  (c) Copyright 1999-2013 Microchip Technology, All rights reserved
                      00007 ;==========================================================================
                      00008 
                      00208         LIST
                      00004 
                      00005 RESET org 0
0000   2???           00006     GOTO Inicio
                      00007     org 0x05
                      00008 
  0000000C            00009 CONTADOR_A equ 0x0c ;Declaramos las variables a ocupar
  0000000D            00010 CONTADOR_B equ 0x0d
  0000000E            00011 CONTADOR_C equ 0x0e
  00000034            00012 Led_encendido equ 34
                      00013 
0005                  00014 Inicio
0005   1683           00015     BSF STATUS, RP0
Message[302]: Register in operand not in bank 0.  Ensure that bank bits are correct.
0006   0185           00016     CLRF TRISA 
0007   3001           00017     movlw b'00000001' ;Definimos como entrada el RB7
Message[302]: Register in operand not in bank 0.  Ensure that bank bits are correct.
0008   0086           00018     movwf TRISB
0009   1283           00019     BCF STATUS, RP0
000A   0185           00020     CLRF PORTA
000B   0186           00021     CLRF PORTB
000C                  00022 Leer
000C   1C06           00023     btfss PORTB,0     ;///////////////////////////////////////////
000D   2???           00024     goto Leer  ;LECTURA DE PUSH BOTTON
000E   2???           00025     goto Antirrebote         ;///////////////////////////////////////////
000F                  00026 Antirrebote
000F   1806           00027     btfsc PORTB,0
0010   2???           00028     goto Antirrebote
0011   2???           00029     goto Barrido
                      00030 ;__________________________________________________________________
0012                  00031 Barrido
0012   1806           00032     BTFSC PORTB,0
0013   2???           00033     goto Barrido
0014   3001           00034     MOVLW b'00001'     ;///////////////////////////////////////////
0015   00B4           00035     MOVWF Led_encendido;BARRIDO PORTA IDA
0016   0085           00036     MOVWF PORTA        ;///////////////////////////////////////////
0017   1B86           00037     BTFSC PORTB,7
0018   2???           00038     call ParpadeoPortA
0019   2???           00039     call RETARDO_05S
                      00040 
001A   3002           00041     MOVLW b'00010'
001B   00B4           00042     MOVWF Led_encendido
MPASM 5.53                     PRACTICA8.ASM   11-11-2022  23:59:19         PAGE  2


LOC  OBJECT CODE     LINE SOURCE TEXT
  VALUE

001C   0085           00043     MOVWF PORTA
001D   1B86           00044     BTFSC PORTB,7
001E   2???           00045     call ParpadeoPortA
001F   2???           00046     CALL RETARDO_05S
                      00047 
0020   3004           00048     MOVLW b'00100'
0021   00B4           00049     MOVWF Led_encendido
0022   0085           00050     MOVWF PORTA
0023   1B86           00051     BTFSC PORTB,7
0024   2???           00052     CALL ParpadeoPortA
0025   2???           00053     CALL RETARDO_05S
                      00054 
0026   3008           00055     MOVLW b'01000'
0027   00B4           00056     MOVWF Led_encendido
0028   0085           00057     MOVWF PORTA
0029   1B86           00058     BTFSC PORTB, 7
002A   2???           00059     CALL ParpadeoPortA
002B   2???           00060     CALL RETARDO_05S
                      00061 
002C   3010           00062     MOVLW b'10000'
002D   00B4           00063     MOVWF Led_encendido
002E   0085           00064     MOVWF PORTA
002F   1B86           00065     BTFSC PORTB,7
0030   2???           00066     CALL ParpadeoPortA
0031   2???           00067     CALL RETARDO_05S
                      00068 ;__________________________________________________________________
0032   0185           00069     CLRF PORTA         ;///////////////////////////////////////////
0033   3001           00070     MOVLW b'00000001'  ;BARRIDO PORTB IDA
0034   00B4           00071     MOVWF Led_encendido;///////////////////////////////////////////
0035   0086           00072     MOVWF PORTB
0036   1B86           00073     BTFSC PORTB,7
0037   2???           00074     CALL ParpadeoPortB
0038   2???           00075     CALL RETARDO_05S
                      00076 
0039   3002           00077     MOVLW b'00000010'
003A   00B4           00078     MOVWF Led_encendido
003B   0086           00079     MOVWF PORTB
003C   1B86           00080     BTFSC PORTB,7
003D   2???           00081     CALL ParpadeoPortB
003E   2???           00082     CALL RETARDO_05S
                      00083 
003F   3004           00084     MOVLW b'00000100'
0040   00B4           00085     MOVWF Led_encendido
0041   0086           00086     MOVWF PORTB
0042   1B86           00087     BTFSC PORTB,7
0043   2???           00088     CALL ParpadeoPortB
0044   2???           00089     CALL RETARDO_05S
                      00090 
0045   3008           00091     MOVLW b'00001000'
0046   00B4           00092     MOVWF Led_encendido
0047   0086           00093     MOVWF PORTB
0048   1B86           00094     BTFSC PORTB,7
0049   2???           00095     CALL ParpadeoPortB
MPASM 5.53                     PRACTICA8.ASM   11-11-2022  23:59:19         PAGE  3


LOC  OBJECT CODE     LINE SOURCE TEXT
  VALUE

004A   2???           00096     CALL RETARDO_05S
                      00097 
004B   3010           00098     MOVLW b'00010000'
004C   00B4           00099     MOVWF Led_encendido
004D   0086           00100     MOVWF PORTB
004E   1B86           00101     BTFSC PORTB, 7
004F   2???           00102     CALL ParpadeoPortB
0050   2???           00103     CALL RETARDO_05S
                      00104 
0051   3020           00105     MOVLW b'00100000'
0052   00B4           00106     MOVWF Led_encendido
0053   0086           00107     MOVWF PORTB
0054   1B86           00108     BTFSC PORTB,7
0055   2???           00109     CALL ParpadeoPortB
0056   2???           00110     CALL RETARDO_05S
                      00111 
0057   3040           00112     MOVLW b'01000000'
0058   0086           00113     MOVWF PORTB
0059   1B86           00114     BTFSC PORTB,7
005A   2???           00115     CALL ParpadeoPortB
005B   2???           00116     CALL RETARDO_05S
                      00117 ;__________________________________________________________________
005C   3020           00118     MOVLW b'00100000'    ;///////////////////////////////////////////
005D   00B4           00119     MOVWF Led_encendido  ;BARRIDO PORTB REGRESO
005E   0086           00120     MOVWF PORTB          ;///////////////////////////////////////////
005F   1B86           00121     BTFSC PORTB,7
0060   2???           00122     CALL ParpadeoPortB
0061   2???           00123     CALL RETARDO_05S
                      00124 
0062   3010           00125     MOVLW b'00010000'
0063   00B4           00126     MOVWF Led_encendido
0064   0086           00127     MOVWF PORTB
0065   1B86           00128     BTFSC PORTB,7
0066   2???           00129     CALL ParpadeoPortB
0067   2???           00130     CALL RETARDO_05S
                      00131 
0068   3008           00132     MOVLW b'00001000'
0069   00B4           00133     MOVWF Led_encendido
006A   0086           00134     MOVWF PORTB
006B   1B86           00135     BTFSC PORTB,7
006C   2???           00136     CALL ParpadeoPortB
006D   2???           00137     CALL RETARDO_05S
                      00138 
006E   3004           00139     MOVLW b'00000100'
006F   00B4           00140     MOVWF Led_encendido
0070   0086           00141     MOVWF PORTB
0071   1B86           00142     BTFSC PORTB,7
0072   2???           00143     CALL ParpadeoPortB
0073   2???           00144     CALL RETARDO_05S
                      00145 
0074   3002           00146     MOVLW b'00000010'
0075   00B4           00147     MOVWF Led_encendido
0076   0086           00148     MOVWF PORTB
MPASM 5.53                     PRACTICA8.ASM   11-11-2022  23:59:19         PAGE  4


LOC  OBJECT CODE     LINE SOURCE TEXT
  VALUE

0077   1B86           00149     BTFSC PORTB,7
0078   2???           00150     CALL ParpadeoPortB
0079   2???           00151     CALL RETARDO_05S
                      00152 
007A   3001           00153     MOVLW b'00000001'
007B   00B4           00154     MOVWF Led_encendido
007C   0086           00155     MOVWF PORTB
007D   1B86           00156     BTFSC PORTB,7
007E   2???           00157     CALL ParpadeoPortB
007F   2???           00158     CALL RETARDO_05S
                      00159 ;__________________________________________________________________
0080   0186           00160     CLRF PORTB          ;///////////////////////////////////////////
0081   3010           00161     MOVLW b'10000'      ;BARRIDO PORTA REGRESO
0082   00B4           00162     MOVWF Led_encendido ;///////////////////////////////////////////
0083   0085           00163     MOVWF PORTA
0084   1B86           00164     BTFSC PORTB,7
0085   2???           00165     CALL ParpadeoPortA
0086   2???           00166     CALL RETARDO_05S
                      00167 
0087   3008           00168     MOVLW b'01000'
0088   00B4           00169     MOVWF Led_encendido
0089   0085           00170     MOVWF PORTA
008A   1B86           00171     BTFSC PORTB,7
008B   2???           00172     CALL ParpadeoPortA
008C   2???           00173     CALL RETARDO_05S
                      00174 
008D   3004           00175     MOVLW b'00100'
008E   00B4           00176     MOVWF Led_encendido
008F   0085           00177     MOVWF PORTA
0090   1B86           00178     BTFSC PORTB,7
0091   2???           00179     CALL ParpadeoPortA
0092   2???           00180     CALL RETARDO_05S
                      00181 
0093   3002           00182     MOVLW b'00010'
0094   00B4           00183     MOVWF Led_encendido
0095   0085           00184     MOVWF PORTA
0096   1B86           00185     BTFSC PORTB,7
0097   2???           00186     CALL ParpadeoPortA
0098   2???           00187     CALL RETARDO_05S
                      00188 
0099   3001           00189     MOVLW b'00001'
009A   00B4           00190     MOVWF Led_encendido
009B   0085           00191     MOVWF PORTA
009C   1B86           00192     BTFSC PORTB,7
009D   2???           00193     CALL ParpadeoPortA
009E   2???           00194     CALL RETARDO_05S
009F   2???           00195     goto Barrido
                      00196 ;__________________________________________________________________
00A0                  00197 RETARDO_05S            ;///////////////////////////////////////////
00A0   3003           00198     MOVLW 3            ;RETARDOS
00A1   008E           00199     MOVWF CONTADOR_C   ;///////////////////////////////////////////
00A2   3012           00200     MOVLW 12
00A3   008D           00201     MOVWF CONTADOR_B
MPASM 5.53                     PRACTICA8.ASM   11-11-2022  23:59:19         PAGE  5


LOC  OBJECT CODE     LINE SOURCE TEXT
  VALUE

00A4   3081           00202     MOVLW 81
00A5   008C           00203     MOVWF CONTADOR_A
00A6                  00204 LOOP
00A6   0B8C           00205     DECFSZ CONTADOR_A, 1
00A7   2???           00206     GOTO LOOP
00A8   0B8D           00207     DECFSZ CONTADOR_B, 1
00A9   2???           00208     GOTO LOOP
00AA   0B8E           00209     DECFSZ CONTADOR_C, 1
00AB   2???           00210     GOTO LOOP
00AC   0008           00211     RETURN
                      00212 
00AD                  00213 Retardo_UnSeg
00AD   300B           00214     movlw d'11'         
00AE   008E           00215     movwf CONTADOR_C
00AF   3065           00216     movlw d'101'      
00B0   008D           00217     movwf CONTADOR_B
00B1   30FA           00218     movlw d'250'     
00B2   008C           00219     movwf CONTADOR_A
00B3   0000           00220     nop                
Message[305]: Using default destination of 1 (file).
00B4   0B8C           00221     decfsz CONTADOR_A
00B5   2???           00222     goto $-.2           
Message[305]: Using default destination of 1 (file).
00B6   0B8D           00223     decfsz CONTADOR_B
00B7   2???           00224     goto $-.6           
Message[305]: Using default destination of 1 (file).
00B8   0B8E           00225     decfsz CONTADOR_C
00B9   2???           00226     goto $-.10         
00BA   0008           00227     return
                      00228 ;__________________________________________________________________
00BB                  00229 ParpadeoPortA             ;///////////////////////////////////////////
00BB   0834           00230     MOVF Led_encendido,0  ;Parpadeos
00BC   0085           00231     MOVWF PORTA           ;///////////////////////////////////////////
00BD   2???           00232     CALL Retardo_UnSeg
00BE   0185           00233     CLRF PORTA
00BF   2???           00234     CALL Retardo_UnSeg
                      00235 
00C0   0834           00236     MOVF Led_encendido,0
00C1   0085           00237     MOVWF PORTA
00C2   2???           00238     CALL Retardo_UnSeg
00C3   0185           00239     CLRF PORTA
00C4   2???           00240     CALL Retardo_UnSeg
                      00241 
00C5   0834           00242     MOVF Led_encendido,0
00C6   0085           00243     MOVWF PORTA
00C7   2???           00244     CALL Retardo_UnSeg
00C8   0185           00245     CLRF PORTA
00C9   2???           00246     CALL Retardo_UnSeg
00CA   0008           00247     return
00CB                  00248 ParpadeoPortB
00CB   0834           00249     MOVF Led_encendido,0
00CC   0086           00250     MOVWF PORTB
00CD   2???           00251     CALL Retardo_UnSeg
MPASM 5.53                     PRACTICA8.ASM   11-11-2022  23:59:19         PAGE  6


LOC  OBJECT CODE     LINE SOURCE TEXT
  VALUE

00CE   0186           00252     CLRF PORTB
00CF   2???           00253     CALL Retardo_UnSeg
                      00254 
00D0   0834           00255     MOVF Led_encendido,0
00D1   0086           00256     MOVWF PORTB
00D2   2???           00257     CALL Retardo_UnSeg
00D3   0186           00258     CLRF PORTB
00D4   2???           00259     CALL Retardo_UnSeg
                      00260 
00D5   0834           00261     MOVF Led_encendido,0
00D6   0086           00262     MOVWF PORTB
00D7   2???           00263     CALL Retardo_UnSeg
00D8   0186           00264     CLRF PORTB
00D9   2???           00265     CALL Retardo_UnSeg
00DA   0008           00266     return
3FF1                  00267     END
MPASM 5.53                     PRACTICA8.ASM   11-11-2022  23:59:19         PAGE  7


SYMBOL TABLE
  LABEL                             VALUE 

Antirrebote                       0000000F
Barrido                           00000012
C                                 00000000
CONTADOR_A                        0000000C
CONTADOR_B                        0000000D
CONTADOR_C                        0000000E
DC                                00000001
EEADR                             00000009
EECON1                            00000088
EECON2                            00000089
EEDATA                            00000008
EEIE                              00000006
EEIF                              00000004
F                                 00000001
FSR                               00000004
GIE                               00000007
INDF                              00000000
INTCON                            0000000B
INTE                              00000004
INTEDG                            00000006
INTF                              00000001
IRP                               00000007
Inicio                            00000005
LOOP                              000000A6
Led_encendido                     00000034
Leer                              0000000C
NOT_PD                            00000003
NOT_RBPU                          00000007
NOT_TO                            00000004
OPTION_REG                        00000081
PCL                               00000002
PCLATH                            0000000A
PORTA                             00000005
PORTB                             00000006
PS0                               00000000
PS1                               00000001
PS2                               00000002
PSA                               00000003
ParpadeoPortA                     000000BB
ParpadeoPortB                     000000CB
RA0                               00000000
RA1                               00000001
RA2                               00000002
RA3                               00000003
RA4                               00000004
RB0                               00000000
RB1                               00000001
RB2                               00000002
RB3                               00000003
RB4                               00000004
RB5                               00000005
RB6                               00000006
RB7                               00000007
MPASM 5.53                     PRACTICA8.ASM   11-11-2022  23:59:19         PAGE  8


SYMBOL TABLE
  LABEL                             VALUE 

RBIE                              00000003
RBIF                              00000000
RD                                00000000
RESET                             00000000
RETARDO_05S                       000000A0
RP0                               00000005
RP1                               00000006
Retardo_UnSeg                     000000AD
STATUS                            00000003
T0CS                              00000005
T0IE                              00000005
T0IF                              00000002
T0SE                              00000004
TMR0                              00000001
TMR0IE                            00000005
TMR0IF                            00000002
TRISA                             00000085
TRISA0                            00000000
TRISA1                            00000001
TRISA2                            00000002
TRISA3                            00000003
TRISA4                            00000004
TRISB                             00000086
TRISB0                            00000000
TRISB1                            00000001
TRISB2                            00000002
TRISB3                            00000003
TRISB4                            00000004
TRISB5                            00000005
TRISB6                            00000006
TRISB7                            00000007
W                                 00000000
WR                                00000001
WREN                              00000002
WRERR                             00000003
Z                                 00000002
_.org_1_00B5                      000000B5
_.org_1_00B7                      000000B7
_.org_1_00B9                      000000B9
_CONFIG                           00002007
_CP_OFF                           00003FFF
_CP_ON                            0000000F
_DEVID1                           00002006
_FOSC_EXTRC                       00003FFF
_FOSC_HS                          00003FFE
_FOSC_LP                          00003FFC
_FOSC_XT                          00003FFD
_HS_OSC                           00003FFE
_IDLOC0                           00002000
_IDLOC1                           00002001
_IDLOC2                           00002002
_IDLOC3                           00002003
_LP_OSC                           00003FFC
MPASM 5.53                     PRACTICA8.ASM   11-11-2022  23:59:19         PAGE  9


SYMBOL TABLE
  LABEL                             VALUE 

_PWRTE_OFF                        00003FFF
_PWRTE_ON                         00003FF7
_RC_OSC                           00003FFF
_WDTE_OFF                         00003FFB
_WDTE_ON                          00003FFF
_WDT_OFF                          00003FFB
_WDT_ON                           00003FFF
_XT_OSC                           00003FFD
__16F84A                          00000001

Errors   :     0
Warnings :     0 reported,     0 suppressed
Messages :     5 reported,     0 suppressed

